生成启动时间为 2013/5/20 0:59:44。
     1>项目“D:\works\cocos2d-2.1rc0-x-2.1.3\libcocos2d_mvc\libcocos2d_mvc.vcxproj”在节点 2 上(rebuild 个目标)。
     1>_PrepareForClean:
         正在删除文件“Debug.win32\libcocos2d_mvc.lastbuildstate”。
       InitializeBuildStatus:
         正在创建“Debug.win32\libcocos2d_mvc.unsuccessfulbuild”，因为已指定“AlwaysCreate”。
       ClCompile:
         C:\Program Files (x86)\Microsoft Visual Studio 10.0\VC\bin\CL.exe /c /I"D:\works\cocos2d-2.1rc0-x-2.1.3\libcocos2d_mvc\include" /I"D:\works\cocos2d-2.1rc0-x-2.1.3\libcocos2d_mvc\..\cocos2dx" /I"D:\works\cocos2d-2.1rc0-x-2.1.3\libcocos2d_mvc\..\cocos2dx\include" /I"D:\works\cocos2d-2.1rc0-x-2.1.3\libcocos2d_mvc\..\cocos2dx\kazmath\include" /I"D:\works\cocos2d-2.1rc0-x-2.1.3\libcocos2d_mvc\..\cocos2dx\platform\win32" /I"D:\works\cocos2d-2.1rc0-x-2.1.3\libcocos2d_mvc\..\cocos2dx\platform\third_party\win32" /I"D:\works\cocos2d-2.1rc0-x-2.1.3\libcocos2d_mvc\..\cocos2dx\platform\third_party\win32\OGLES" /I"D:\works\cocos2d-2.1rc0-x-2.1.3\libcocos2d_mvc\..\CocosDenshion\include" /ZI /nologo /W0 /WX- /Od /Oy- /D WIN32 /D _WINDOWS /D _USRDLL /D _DEBUG /D _LIB /D _UNICODE /D UNICODE /Gm /EHsc /RTC1 /MDd /GS /fp:precise /Zc:wchar_t /Zc:forScope /Fo"Debug.win32\\" /Fd"Debug.win32\vc100.pdb" /Gd /TP /analyze- /errorReport:prompt event\event.cpp event\eventDispatcher.cpp event\eventDispatcherHelper.cpp injector\injector.cpp mvc\Context.cpp mvc\controller.cpp mvc\model.cpp mvc\view.cpp
         view.cpp
         model.cpp
         controller.cpp
         Context.cpp
         injector.cpp
         eventDispatcherHelper.cpp
         eventDispatcher.cpp
         event.cpp
         正在生成代码...
       Lib:
         C:\Program Files (x86)\Microsoft Visual Studio 10.0\VC\bin\Lib.exe /OUT:"D:\works\cocos2d-2.1rc0-x-2.1.3\Debug.win32\libcocos2d_mvc.lib" /NOLOGO Debug.win32\event.obj
         Debug.win32\eventDispatcher.obj
         Debug.win32\eventDispatcherHelper.obj
         Debug.win32\injector.obj
         Debug.win32\Context.obj
         Debug.win32\controller.obj
         Debug.win32\model.obj
         Debug.win32\view.obj
         libcocos2d_mvc.vcxproj -> D:\works\cocos2d-2.1rc0-x-2.1.3\Debug.win32\libcocos2d_mvc.lib
       FinalizeBuildStatus:
         正在删除文件“Debug.win32\libcocos2d_mvc.unsuccessfulbuild”。
         正在对“Debug.win32\libcocos2d_mvc.lastbuildstate”执行 Touch 任务。
     1>已完成生成项目“D:\works\cocos2d-2.1rc0-x-2.1.3\libcocos2d_mvc\libcocos2d_mvc.vcxproj”(rebuild 个目标)的操作。

生成成功。

已用时间 00:00:16.80
